<?xml version="1.0" encoding="UTF-8"?>
<robot generator="Robot 3.2.2 (Python 3.6.0 on win32)" generated="20210116 23:42:21.823" rpa="false">
<suite id="s1" name="TestCases" source="C:\Users\Admin\Desktop\13.1\TestsBook\TestCases.robot">
<test id="s1-t1" name="User should be able to Land on Flipkart Page">
<kw name="Open Flipkart URL" library="instructions">
<kw name="Open Browser" library="SeleniumLibrary">
<doc>Opens a new browser instance to the optional ``url``.</doc>
<arguments>
<arg>${url_books}</arg>
<arg>${brows}</arg>
</arguments>
<msg timestamp="20210116 23:42:22.278" level="INFO">Opening browser 'chrome' to base url 'https://flipkart.com/'.</msg>
<status status="PASS" starttime="20210116 23:42:22.278" endtime="20210116 23:42:29.036"></status>
</kw>
<kw name="Maximize Browser Window" library="SeleniumLibrary">
<doc>Maximizes current browser window.</doc>
<status status="PASS" starttime="20210116 23:42:29.036" endtime="20210116 23:42:31.534"></status>
</kw>
<kw name="Sleep" library="BuiltIn">
<doc>Pauses the test executed for the given time.</doc>
<arguments>
<arg>4s</arg>
</arguments>
<msg timestamp="20210116 23:42:35.537" level="INFO">Slept 4 seconds</msg>
<status status="PASS" starttime="20210116 23:42:31.534" endtime="20210116 23:42:35.537"></status>
</kw>
<kw name="Verify WebPage title" library="instructions">
<arguments>
<arg>${Expected_homePage}</arg>
</arguments>
<kw name="Wait Until Page Contains" library="SeleniumLibrary">
<doc>Waits until ``text`` appears on the current page.</doc>
<arguments>
<arg>${title_name}</arg>
</arguments>
<status status="PASS" starttime="20210116 23:42:35.537" endtime="20210116 23:42:35.569"></status>
</kw>
<kw name="Log To Console" library="BuiltIn">
<doc>Logs the given message to the console.</doc>
<arguments>
<arg>${title_name}</arg>
</arguments>
<status status="PASS" starttime="20210116 23:42:35.569" endtime="20210116 23:42:35.569"></status>
</kw>
<kw name="Log To Console" library="BuiltIn">
<doc>Logs the given message to the console.</doc>
<arguments>
<arg>Pass!!</arg>
</arguments>
<status status="PASS" starttime="20210116 23:42:35.573" endtime="20210116 23:42:35.597"></status>
</kw>
<status status="PASS" starttime="20210116 23:42:35.537" endtime="20210116 23:42:35.597"></status>
</kw>
<kw name="Clear Element Text" library="SeleniumLibrary">
<doc>Clears the value of the text-input-element identified by ``locator``.</doc>
<arguments>
<arg>xpath=//input[@type='text' and @class='_2IX_2- VJZDxU']</arg>
</arguments>
<status status="PASS" starttime="20210116 23:42:35.597" endtime="20210116 23:42:35.767"></status>
</kw>
<kw name="Input Text" library="SeleniumLibrary">
<doc>Types the given ``text`` into the text field identified by ``locator``.</doc>
<arguments>
<arg>xpath=//input[@type='text' and @class='_2IX_2- VJZDxU']</arg>
<arg>9500158051</arg>
</arguments>
<msg timestamp="20210116 23:42:35.767" level="INFO">Typing text '9500158051' into text field 'xpath=//input[@type='text' and @class='_2IX_2- VJZDxU']'.</msg>
<status status="PASS" starttime="20210116 23:42:35.767" endtime="20210116 23:42:35.915"></status>
</kw>
<kw name="Sleep" library="BuiltIn">
<doc>Pauses the test executed for the given time.</doc>
<arguments>
<arg>3s</arg>
</arguments>
<msg timestamp="20210116 23:42:38.919" level="INFO">Slept 3 seconds</msg>
<status status="PASS" starttime="20210116 23:42:35.915" endtime="20210116 23:42:38.919"></status>
</kw>
<kw name="Clear Element Text" library="SeleniumLibrary">
<doc>Clears the value of the text-input-element identified by ``locator``.</doc>
<arguments>
<arg>xpath=//input[@type='password']</arg>
</arguments>
<status status="PASS" starttime="20210116 23:42:38.919" endtime="20210116 23:42:39.050"></status>
</kw>
<kw name="Input Password" library="SeleniumLibrary">
<doc>Types the given password into the text field identified by ``locator``.</doc>
<arguments>
<arg>xpath=//input[@type='password']</arg>
<arg>royalenfield</arg>
</arguments>
<msg timestamp="20210116 23:42:39.050" level="INFO">Typing password into text field 'xpath=//input[@type='password']'.</msg>
<msg timestamp="20210116 23:42:39.081" level="INFO">Temporally setting log level to: NONE</msg>
<msg timestamp="20210116 23:42:39.201" level="INFO">Log level changed from NONE to INFO.</msg>
<status status="PASS" starttime="20210116 23:42:39.050" endtime="20210116 23:42:39.201"></status>
</kw>
<kw name="Sleep" library="BuiltIn">
<doc>Pauses the test executed for the given time.</doc>
<arguments>
<arg>3s</arg>
</arguments>
<msg timestamp="20210116 23:42:42.211" level="INFO">Slept 3 seconds</msg>
<status status="PASS" starttime="20210116 23:42:39.201" endtime="20210116 23:42:42.211"></status>
</kw>
<kw name="Click Element" library="SeleniumLibrary">
<doc>Click the element identified by ``locator``.</doc>
<arguments>
<arg>xpath=//button[@type='submit' and @class='_2KpZ6l _2HKlqd _3AWRsL']</arg>
</arguments>
<msg timestamp="20210116 23:42:42.211" level="INFO">Clicking element 'xpath=//button[@type='submit' and @class='_2KpZ6l _2HKlqd _3AWRsL']'.</msg>
<status status="PASS" starttime="20210116 23:42:42.211" endtime="20210116 23:42:42.324"></status>
</kw>
<kw name="Log To Console" library="BuiltIn">
<doc>Logs the given message to the console.</doc>
<arguments>
<arg>Step2</arg>
</arguments>
<status status="PASS" starttime="20210116 23:42:42.324" endtime="20210116 23:42:42.332"></status>
</kw>
<kw name="Sleep" library="BuiltIn">
<doc>Pauses the test executed for the given time.</doc>
<arguments>
<arg>3s</arg>
</arguments>
<msg timestamp="20210116 23:42:45.350" level="INFO">Slept 3 seconds</msg>
<status status="PASS" starttime="20210116 23:42:42.337" endtime="20210116 23:42:45.350"></status>
</kw>
<status status="PASS" starttime="20210116 23:42:22.278" endtime="20210116 23:42:45.350"></status>
</kw>
<kw name="Navigate to Category &quot;Electronics&quot;" library="instructions">
<kw name="Mouse Over" library="SeleniumLibrary">
<doc>Simulates hovering the mouse over the element ``locator``.</doc>
<arguments>
<arg>${Expected_category}</arg>
</arguments>
<msg timestamp="20210116 23:42:45.354" level="INFO">Simulating Mouse Over on element 'xpath= //*[@id="container"]/div/div[2]/div/div/span[1]'.</msg>
<status status="PASS" starttime="20210116 23:42:45.354" endtime="20210116 23:42:45.733"></status>
</kw>
<kw name="Sleep" library="BuiltIn">
<doc>Pauses the test executed for the given time.</doc>
<arguments>
<arg>5s</arg>
</arguments>
<msg timestamp="20210116 23:42:50.742" level="INFO">Slept 5 seconds</msg>
<status status="PASS" starttime="20210116 23:42:45.733" endtime="20210116 23:42:50.742"></status>
</kw>
<kw name="Click Element" library="SeleniumLibrary">
<doc>Click the element identified by ``locator``.</doc>
<arguments>
<arg>${Expected_category}</arg>
</arguments>
<msg timestamp="20210116 23:42:50.742" level="INFO">Clicking element 'xpath= //*[@id="container"]/div/div[2]/div/div/span[1]'.</msg>
<status status="PASS" starttime="20210116 23:42:50.742" endtime="20210116 23:42:50.846"></status>
</kw>
<kw name="Sleep" library="BuiltIn">
<doc>Pauses the test executed for the given time.</doc>
<arguments>
<arg>5s</arg>
</arguments>
<msg timestamp="20210116 23:42:55.852" level="INFO">Slept 5 seconds</msg>
<status status="PASS" starttime="20210116 23:42:50.846" endtime="20210116 23:42:55.852"></status>
</kw>
<kw name="Sleep" library="BuiltIn">
<doc>Pauses the test executed for the given time.</doc>
<arguments>
<arg>7s</arg>
</arguments>
<msg timestamp="20210116 23:43:02.859" level="INFO">Slept 7 seconds</msg>
<status status="PASS" starttime="20210116 23:42:55.852" endtime="20210116 23:43:02.859"></status>
</kw>
<status status="PASS" starttime="20210116 23:42:45.354" endtime="20210116 23:43:02.859"></status>
</kw>
<kw name="Click on &quot;Headphones &amp; Headsets&quot;" library="instructions">
<kw name="Mouse Over" library="SeleniumLibrary">
<doc>Simulates hovering the mouse over the element ``locator``.</doc>
<arguments>
<arg>${Expected_Sub_Category}</arg>
</arguments>
<msg timestamp="20210116 23:43:02.867" level="INFO">Simulating Mouse Over on element 'title= title="Headphones &amp;amp; Headsets'.</msg>
<kw name="Capture Page Screenshot" library="SeleniumLibrary">
<doc>Takes a screenshot of the current page and embeds it into a log file.</doc>
<msg timestamp="20210116 23:43:27.055" level="FAIL">WebDriverException: Message: chrome not reachable
  (Session info: chrome=87.0.4280.141)
</msg>
<status status="FAIL" starttime="20210116 23:43:14.952" endtime="20210116 23:43:27.055"></status>
</kw>
<msg timestamp="20210116 23:43:27.055" level="WARN">Keyword 'Capture Page Screenshot' could not be run on failure: WebDriverException: Message: chrome not reachable
  (Session info: chrome=87.0.4280.141)
</msg>
<msg timestamp="20210116 23:43:27.063" level="FAIL">WebDriverException: Message: chrome not reachable
  (Session info: chrome=87.0.4280.141)
</msg>
<status status="FAIL" starttime="20210116 23:43:02.867" endtime="20210116 23:43:27.063"></status>
</kw>
<status status="FAIL" starttime="20210116 23:43:02.859" endtime="20210116 23:43:27.063"></status>
</kw>
<tags>
<tag>sanity</tag>
</tags>
<status status="FAIL" starttime="20210116 23:42:22.274" endtime="20210116 23:43:27.071" critical="yes">WebDriverException: Message: chrome not reachable
  (Session info: chrome=87.0.4280.141)
</status>
</test>
<status status="FAIL" starttime="20210116 23:42:21.823" endtime="20210116 23:43:27.071"></status>
</suite>
<statistics>
<total>
<stat pass="0" fail="1">Critical Tests</stat>
<stat pass="0" fail="1">All Tests</stat>
</total>
<tag>
<stat pass="0" fail="1">sanity</stat>
</tag>
<suite>
<stat pass="0" fail="1" id="s1" name="TestCases">TestCases</stat>
</suite>
</statistics>
<errors>
<msg timestamp="20210116 23:43:27.055" level="WARN">Keyword 'Capture Page Screenshot' could not be run on failure: WebDriverException: Message: chrome not reachable
  (Session info: chrome=87.0.4280.141)
</msg>
</errors>
</robot>
